2025-05-19 12:05:38 [INFO] Processing file: support_tickets
2025-05-19 12:05:39 [INFO] Extracted support_tickets: 
columns => ['ticket_id', 'customer_id', 'complaint_category', 'complaint_date', 'severity'] 
rows => 200
2025-05-19 12:05:39 [INFO] support_tickets schema validation passed.
2025-05-19 12:05:39 [INFO] Loaded state for support_tickets.ticket_id from /home/hadoop/state/support_tickets.parquet
2025-05-19 12:05:39 [INFO] Filtered support_tickets.ticket_id (list state), remaining rows => 200
2025-05-19 12:05:39 [INFO] Transformed support_tickets: 
columns => ['ticket_id', 'customer_id', 'complaint_category', 'complaint_date', 'severity', 'age', 'processing_time', 'partition_date', 'partition_hour'] 
rows => 200
2025-05-19 12:05:39 [INFO] Data successfully written to ./tmp/support_tickets_20250519120537.parquet
2025-05-19 12:05:41 [INFO] File successfully uploaded to HDFS at /stage/support_tickets
2025-05-19 12:05:41 [INFO] Local file /home/hadoop/tmp/support_tickets_20250519120537.parquet removed after upload.
2025-05-19 12:05:41 [INFO] Saved state for support_tickets to /home/hadoop/state/support_tickets.parquet
2025-05-19 12:05:41 [INFO] Pipeline completed successfully for file: support_tickets 
 ==========================================================================================================================================================================================================================================================
2025-05-19 12:05:42 [INFO] Processing file: transactions
2025-05-19 12:05:42 [INFO] Extracted transactions: 
columns => ['sender', 'receiver', 'transaction_amount', 'transaction_date'] 
rows => 200
2025-05-19 12:05:42 [INFO] transactions schema validation passed.
2025-05-19 12:05:42 [INFO] Loaded state for transactions.transaction_date from /home/hadoop/state/transactions.parquet
2025-05-19 12:05:42 [INFO] Filtered transactions.transaction_date (scalar state), remaining rows => 200
2025-05-19 12:05:42 [INFO] Transformed transactions: 
columns => ['sender', 'receiver', 'transaction_amount', 'transaction_date', 'cost', 'total_amount', 'processing_time', 'partition_date', 'partition_hour'] 
rows => 200
2025-05-19 12:05:42 [INFO] Data successfully written to ./tmp/transactions_20250519120537.parquet
2025-05-19 12:05:46 [INFO] File successfully uploaded to HDFS at /stage/transactions
2025-05-19 12:05:46 [INFO] Local file /home/hadoop/tmp/transactions_20250519120537.parquet removed after upload.
2025-05-19 12:05:46 [INFO] Saved state for transactions to /home/hadoop/state/transactions.parquet
2025-05-19 12:05:46 [INFO] Pipeline completed successfully for file: transactions 
 ==========================================================================================================================================================================================================================================================
2025-05-19 12:05:47 [INFO] Processing file: credit_cards_billing
2025-05-19 12:05:47 [INFO] Extracted credit_cards_billing: 
columns => ['bill_id', 'customer_id', 'month', 'amount_due', 'amount_paid', 'payment_date'] 
rows => 400
2025-05-19 12:05:47 [INFO] credit_cards_billing schema validation passed.
2025-05-19 12:05:47 [INFO] Loaded state for credit_cards_billing.bill_id from /home/hadoop/state/credit_cards_billing.parquet
2025-05-19 12:05:47 [INFO] Filtered credit_cards_billing.bill_id (list state), remaining rows => 400
2025-05-19 12:05:47 [INFO] Transformed credit_cards_billing: 
columns => ['bill_id', 'customer_id', 'month', 'amount_due', 'amount_paid', 'payment_date', 'fully_paid', 'debt', 'due_date', 'late_days', 'fine', 'total_amount', 'processing_time', 'partition_date', 'partition_hour'] 
rows => 400
2025-05-19 12:05:47 [INFO] Data successfully written to ./tmp/credit_cards_billing_20250519120537.parquet
2025-05-19 12:05:51 [INFO] File successfully uploaded to HDFS at /stage/credit_cards_billing
2025-05-19 12:05:51 [INFO] Local file /home/hadoop/tmp/credit_cards_billing_20250519120537.parquet removed after upload.
2025-05-19 12:05:51 [INFO] Saved state for credit_cards_billing to /home/hadoop/state/credit_cards_billing.parquet
2025-05-19 12:05:51 [INFO] Pipeline completed successfully for file: credit_cards_billing 
 ==========================================================================================================================================================================================================================================================
2025-05-19 12:05:52 [INFO] Processing file: customer_profiles
2025-05-19 12:05:52 [INFO] Extracted customer_profiles: 
columns => ['customer_id', 'name', 'gender', 'age', 'city', 'account_open_date', 'product_type', 'customer_tier'] 
rows => 200
2025-05-19 12:05:52 [INFO] customer_profiles schema validation passed.
2025-05-19 12:05:52 [INFO] Loaded state for customer_profiles.customer_id from /home/hadoop/state/customer_profiles.parquet
2025-05-19 12:05:52 [INFO] Filtered customer_profiles.customer_id (list state), remaining rows => 200
2025-05-19 12:05:52 [INFO] Transformed customer_profiles: 
columns => ['customer_id', 'name', 'gender', 'age', 'city', 'account_open_date', 'product_type', 'customer_tier', 'tenure', 'customer_segment', 'processing_time', 'partition_date', 'partition_hour'] 
rows => 200
2025-05-19 12:05:52 [INFO] Data successfully written to ./tmp/customer_profiles_20250519120537.parquet
2025-05-19 12:05:55 [INFO] File successfully uploaded to HDFS at /stage/customer_profiles
2025-05-19 12:05:55 [INFO] Local file /home/hadoop/tmp/customer_profiles_20250519120537.parquet removed after upload.
2025-05-19 12:05:55 [INFO] Saved state for customer_profiles to /home/hadoop/state/customer_profiles.parquet
2025-05-19 12:05:55 [INFO] Pipeline completed successfully for file: customer_profiles 
 ==========================================================================================================================================================================================================================================================
2025-05-19 12:05:55 [INFO] Processing file: support_tickets
2025-05-19 12:05:55 [INFO] Extracted support_tickets: 
columns => ['ticket_id', 'customer_id', 'complaint_category', 'complaint_date', 'severity'] 
rows => 200
2025-05-19 12:05:55 [INFO] support_tickets schema validation passed.
2025-05-19 12:05:55 [INFO] Loaded state for support_tickets.ticket_id from /home/hadoop/state/support_tickets.parquet
2025-05-19 12:05:55 [INFO] Filtered support_tickets.ticket_id (list state), remaining rows => 0
2025-05-19 12:05:55 [WARNING] Filtering on support_tickets.ticket_id resulted in empty DataFrame
2025-05-19 12:05:55 [ERROR] Pipeline failed for file: support_tickets with error: 
No data left after filtering on support_tickets.ticket_id 
 ==========================================================================================================================================================================================================================================================
2025-05-19 12:05:56 [INFO] Processing file: transactions
2025-05-19 12:05:56 [INFO] Extracted transactions: 
columns => ['sender', 'receiver', 'transaction_amount', 'transaction_date'] 
rows => 200
2025-05-19 12:05:56 [INFO] transactions schema validation passed.
2025-05-19 12:05:56 [INFO] Loaded state for transactions.transaction_date from /home/hadoop/state/transactions.parquet
2025-05-19 12:05:56 [INFO] Filtered transactions.transaction_date (scalar state), remaining rows => 0
2025-05-19 12:05:56 [WARNING] Filtering on transactions.transaction_date resulted in empty DataFrame
2025-05-19 12:05:56 [ERROR] Pipeline failed for file: transactions with error: 
No data left after filtering on transactions.transaction_date 
 ==========================================================================================================================================================================================================================================================
2025-05-19 12:05:57 [INFO] Processing file: customer_profiles
2025-05-19 12:05:57 [INFO] Extracted customer_profiles: 
columns => ['customer_id', 'name', 'gender', 'age', 'city', 'account_open_date', 'product_type', 'customer_tier'] 
rows => 200
2025-05-19 12:05:57 [INFO] customer_profiles schema validation passed.
2025-05-19 12:05:57 [INFO] Loaded state for customer_profiles.customer_id from /home/hadoop/state/customer_profiles.parquet
2025-05-19 12:05:57 [INFO] Filtered customer_profiles.customer_id (list state), remaining rows => 0
2025-05-19 12:05:57 [WARNING] Filtering on customer_profiles.customer_id resulted in empty DataFrame
2025-05-19 12:05:57 [ERROR] Pipeline failed for file: customer_profiles with error: 
No data left after filtering on customer_profiles.customer_id 
 ==========================================================================================================================================================================================================================================================
2025-05-19 12:05:58 [INFO] Processing file: loans
2025-05-19 12:05:58 [INFO] Extracted loans: 
columns => ['customer_id', 'loan_type', 'amount_utilized', 'utilization_date', 'loan_reason'] 
rows => 200
2025-05-19 12:05:58 [INFO] loans schema validation passed.
2025-05-19 12:05:58 [INFO] Loaded state for loans.utilization_date from /home/hadoop/state/loans.parquet
2025-05-19 12:05:58 [INFO] Filtered loans.utilization_date (scalar state), remaining rows => 200
2025-05-19 12:05:58 [INFO] Transformed loans: 
columns => ['customer_id', 'loan_type', 'amount_utilized', 'utilization_date', 'loan_reason', 'age', 'total_cost', 'processing_time', 'partition_date', 'partition_hour'] 
rows => 200
2025-05-19 12:05:58 [INFO] Data successfully written to ./tmp/loans_20250519120554.parquet
2025-05-19 12:06:01 [INFO] File successfully uploaded to HDFS at /stage/loans
2025-05-19 12:06:01 [INFO] Local file /home/hadoop/tmp/loans_20250519120554.parquet removed after upload.
2025-05-19 12:06:01 [INFO] Saved state for loans to /home/hadoop/state/loans.parquet
2025-05-19 12:06:01 [INFO] Pipeline completed successfully for file: loans 
 ==========================================================================================================================================================================================================================================================
2025-05-19 12:06:02 [INFO] Processing file: loans
2025-05-19 12:06:02 [INFO] Extracted loans: 
columns => ['customer_id', 'loan_type', 'amount_utilized', 'utilization_date', 'loan_reason'] 
rows => 200
2025-05-19 12:06:02 [INFO] loans schema validation passed.
2025-05-19 12:06:02 [INFO] Loaded state for loans.utilization_date from /home/hadoop/state/loans.parquet
2025-05-19 12:06:02 [INFO] Filtered loans.utilization_date (scalar state), remaining rows => 1
2025-05-19 12:06:02 [INFO] Transformed loans: 
columns => ['customer_id', 'loan_type', 'amount_utilized', 'utilization_date', 'loan_reason', 'age', 'total_cost', 'processing_time', 'partition_date', 'partition_hour'] 
rows => 1
2025-05-19 12:06:02 [INFO] Data successfully written to ./tmp/loans_20250519120537.parquet
2025-05-19 12:06:05 [INFO] File successfully uploaded to HDFS at /stage/loans
2025-05-19 12:06:05 [INFO] Local file /home/hadoop/tmp/loans_20250519120537.parquet removed after upload.
2025-05-19 12:06:05 [INFO] Saved state for loans to /home/hadoop/state/loans.parquet
2025-05-19 12:06:05 [INFO] Pipeline completed successfully for file: loans 
 ==========================================================================================================================================================================================================================================================
2025-05-19 12:06:06 [INFO] Processing file: credit_cards_billing
2025-05-19 12:06:06 [INFO] Extracted credit_cards_billing: 
columns => ['bill_id', 'customer_id', 'month', 'amount_due', 'amount_paid', 'payment_date'] 
rows => 400
2025-05-19 12:06:06 [INFO] credit_cards_billing schema validation passed.
2025-05-19 12:06:06 [INFO] Loaded state for credit_cards_billing.bill_id from /home/hadoop/state/credit_cards_billing.parquet
2025-05-19 12:06:06 [INFO] Filtered credit_cards_billing.bill_id (list state), remaining rows => 0
2025-05-19 12:06:06 [WARNING] Filtering on credit_cards_billing.bill_id resulted in empty DataFrame
2025-05-19 12:06:06 [ERROR] Pipeline failed for file: credit_cards_billing with error: 
No data left after filtering on credit_cards_billing.bill_id 
 ==========================================================================================================================================================================================================================================================
2025-05-19 12:10:50 [INFO] Processing file: loans
2025-05-19 12:10:50 [INFO] Extracted loans: 
columns => ['customer_id', 'loanpe', 'amount_utilized', 'utilization_date', 'loan_reason'] 
rows => 1000
2025-05-19 12:10:50 [ERROR] Missing column: loan_type in loans
2025-05-19 12:10:50 [ERROR] Pipeline failed for file: loans with error: 
Missing column: loan_type in loans 
 ==========================================================================================================================================================================================================================================================
