=== PIPELINE LOG ANALYSIS ===
=== 2025-05-17 23:25:33 ||| 2025-05-18 23:25:33 ===

Successful Pipelines: 5
Failed Pipelines: 5

Success per File:
  - support_tickets: 1
  - customer_profiles: 1
  - loans: 1
  - transactions: 1
  - credit_cards_billing: 1

Warnings per File:
  - support_tickets: 11
  - customer_profiles: 11
  - loans: 8
  - transactions: 8
  - credit_cards_billing: 12

Failures per File:
  - support_tickets: 1
  - customer_profiles: 1
  - loans: 1
  - transactions: 1
  - credit_cards_billing: 1

Row Counts per File:
  - support_tickets: 0 rows
  - customer_profiles: 0 rows
  - loans: 0 rows
  - transactions: 0 rows
  - credit_cards_billing: 0 rows
